{"C:\\Users\\hp\\Desktop\\pairprogramming\\To-Do-list\\src\\library.js": {"path":"C:\\Users\\hp\\Desktop\\pairprogramming\\To-Do-list\\src\\library.js","statementMap":{"0":{"start":{"line":5,"column":4},"end":{"line":5,"column":70}},"1":{"start":{"line":10,"column":20},"end":{"line":10,"column":30}},"2":{"start":{"line":11,"column":4},"end":{"line":11,"column":32}},"3":{"start":{"line":12,"column":4},"end":{"line":12,"column":30}},"4":{"start":{"line":13,"column":4},"end":{"line":13,"column":44}},"5":{"start":{"line":14,"column":4},"end":{"line":14,"column":31}},"6":{"start":{"line":15,"column":4},"end":{"line":15,"column":67}},"7":{"start":{"line":16,"column":4},"end":{"line":16,"column":20}},"8":{"start":{"line":21,"column":4},"end":{"line":21,"column":57}},"9":{"start":{"line":22,"column":4},"end":{"line":28,"column":7}},"10":{"start":{"line":23,"column":6},"end":{"line":27,"column":16}},"11":{"start":{"line":29,"column":4},"end":{"line":29,"column":67}},"12":{"start":{"line":32,"column":21},"end":{"line":32,"column":59}},"13":{"start":{"line":33,"column":4},"end":{"line":39,"column":7}},"14":{"start":{"line":34,"column":6},"end":{"line":38,"column":9}},"15":{"start":{"line":35,"column":22},"end":{"line":35,"column":32}},"16":{"start":{"line":36,"column":8},"end":{"line":36,"column":36}},"17":{"start":{"line":37,"column":8},"end":{"line":37,"column":71}},"18":{"start":{"line":42,"column":18},"end":{"line":42,"column":53}},"19":{"start":{"line":43,"column":4},"end":{"line":48,"column":7}},"20":{"start":{"line":44,"column":6},"end":{"line":47,"column":9}},"21":{"start":{"line":45,"column":8},"end":{"line":45,"column":30}},"22":{"start":{"line":46,"column":8},"end":{"line":46,"column":71}},"23":{"start":{"line":53,"column":4},"end":{"line":53,"column":78}},"24":{"start":{"line":53,"column":56},"end":{"line":53,"column":76}},"25":{"start":{"line":54,"column":4},"end":{"line":54,"column":21}},"26":{"start":{"line":55,"column":4},"end":{"line":55,"column":67}},"27":{"start":{"line":56,"column":4},"end":{"line":56,"column":20}},"28":{"start":{"line":61,"column":4},"end":{"line":63,"column":5}},"29":{"start":{"line":61,"column":17},"end":{"line":61,"column":18}},"30":{"start":{"line":62,"column":6},"end":{"line":62,"column":72}},"31":{"start":{"line":68,"column":4},"end":{"line":68,"column":44}},"32":{"start":{"line":69,"column":4},"end":{"line":69,"column":67}},"33":{"start":{"line":74,"column":18},"end":{"line":74,"column":53}},"34":{"start":{"line":75,"column":4},"end":{"line":83,"column":5}},"35":{"start":{"line":76,"column":6},"end":{"line":76,"column":44}},"36":{"start":{"line":77,"column":6},"end":{"line":77,"column":68}},"37":{"start":{"line":78,"column":6},"end":{"line":78,"column":62}},"38":{"start":{"line":80,"column":6},"end":{"line":80,"column":43}},"39":{"start":{"line":81,"column":6},"end":{"line":81,"column":76}},"40":{"start":{"line":82,"column":6},"end":{"line":82,"column":62}},"41":{"start":{"line":84,"column":4},"end":{"line":84,"column":67}},"42":{"start":{"line":89,"column":4},"end":{"line":89,"column":75}},"43":{"start":{"line":89,"column":49},"end":{"line":89,"column":73}},"44":{"start":{"line":90,"column":4},"end":{"line":90,"column":21}},"45":{"start":{"line":91,"column":4},"end":{"line":91,"column":67}},"46":{"start":{"line":92,"column":4},"end":{"line":92,"column":20}}},"fnMap":{"0":{"name":"(anonymous_0)","decl":{"start":{"line":4,"column":2},"end":{"line":4,"column":3}},"loc":{"start":{"line":4,"column":16},"end":{"line":6,"column":3}},"line":4},"1":{"name":"(anonymous_1)","decl":{"start":{"line":9,"column":2},"end":{"line":9,"column":3}},"loc":{"start":{"line":9,"column":17},"end":{"line":17,"column":3}},"line":9},"2":{"name":"(anonymous_2)","decl":{"start":{"line":20,"column":2},"end":{"line":20,"column":3}},"loc":{"start":{"line":20,"column":13},"end":{"line":49,"column":3}},"line":20},"3":{"name":"(anonymous_3)","decl":{"start":{"line":22,"column":25},"end":{"line":22,"column":26}},"loc":{"start":{"line":22,"column":42},"end":{"line":28,"column":5}},"line":22},"4":{"name":"(anonymous_4)","decl":{"start":{"line":33,"column":21},"end":{"line":33,"column":22}},"loc":{"start":{"line":33,"column":38},"end":{"line":39,"column":5}},"line":33},"5":{"name":"(anonymous_5)","decl":{"start":{"line":34,"column":37},"end":{"line":34,"column":38}},"loc":{"start":{"line":34,"column":43},"end":{"line":38,"column":7}},"line":34},"6":{"name":"(anonymous_6)","decl":{"start":{"line":43,"column":18},"end":{"line":43,"column":19}},"loc":{"start":{"line":43,"column":39},"end":{"line":48,"column":5}},"line":43},"7":{"name":"(anonymous_7)","decl":{"start":{"line":44,"column":42},"end":{"line":44,"column":43}},"loc":{"start":{"line":44,"column":48},"end":{"line":47,"column":7}},"line":44},"8":{"name":"(anonymous_8)","decl":{"start":{"line":52,"column":2},"end":{"line":52,"column":3}},"loc":{"start":{"line":52,"column":21},"end":{"line":57,"column":3}},"line":52},"9":{"name":"(anonymous_9)","decl":{"start":{"line":53,"column":39},"end":{"line":53,"column":40}},"loc":{"start":{"line":53,"column":56},"end":{"line":53,"column":76}},"line":53},"10":{"name":"(anonymous_10)","decl":{"start":{"line":60,"column":2},"end":{"line":60,"column":3}},"loc":{"start":{"line":60,"column":14},"end":{"line":64,"column":3}},"line":60},"11":{"name":"(anonymous_11)","decl":{"start":{"line":67,"column":2},"end":{"line":67,"column":3}},"loc":{"start":{"line":67,"column":25},"end":{"line":70,"column":3}},"line":67},"12":{"name":"(anonymous_12)","decl":{"start":{"line":73,"column":2},"end":{"line":73,"column":3}},"loc":{"start":{"line":73,"column":19},"end":{"line":85,"column":3}},"line":73},"13":{"name":"(anonymous_13)","decl":{"start":{"line":88,"column":2},"end":{"line":88,"column":3}},"loc":{"start":{"line":88,"column":22},"end":{"line":93,"column":3}},"line":88},"14":{"name":"(anonymous_14)","decl":{"start":{"line":89,"column":39},"end":{"line":89,"column":40}},"loc":{"start":{"line":89,"column":49},"end":{"line":89,"column":73}},"line":89}},"branchMap":{"0":{"loc":{"start":{"line":5,"column":19},"end":{"line":5,"column":69}},"type":"binary-expr","locations":[{"start":{"line":5,"column":19},"end":{"line":5,"column":63}},{"start":{"line":5,"column":67},"end":{"line":5,"column":69}}],"line":5},"1":{"loc":{"start":{"line":24,"column":100},"end":{"line":24,"column":144}},"type":"cond-expr","locations":[{"start":{"line":24,"column":130},"end":{"line":24,"column":139}},{"start":{"line":24,"column":142},"end":{"line":24,"column":144}}],"line":24},"2":{"loc":{"start":{"line":75,"column":4},"end":{"line":83,"column":5}},"type":"if","locations":[{"start":{"line":75,"column":4},"end":{"line":83,"column":5}},{"start":{"line":79,"column":11},"end":{"line":83,"column":5}}],"line":75}},"s":{"0":5,"1":8,"2":8,"3":8,"4":8,"5":8,"6":8,"7":8,"8":11,"9":11,"10":16,"11":11,"12":11,"13":11,"14":16,"15":0,"16":0,"17":0,"18":11,"19":11,"20":16,"21":0,"22":0,"23":2,"24":5,"25":2,"26":2,"27":2,"28":3,"29":3,"30":4,"31":1,"32":1,"33":2,"34":2,"35":0,"36":0,"37":0,"38":2,"39":2,"40":2,"41":2,"42":1,"43":2,"44":1,"45":1,"46":1},"f":{"0":5,"1":8,"2":11,"3":16,"4":16,"5":0,"6":16,"7":0,"8":2,"9":5,"10":3,"11":1,"12":2,"13":1,"14":2},"b":{"0":[5,5],"1":[0,16],"2":[0,2]},"_coverageSchema":"1a1c01bbd47fc00a2c39e90264f33305004495a9","hash":"bcc4eb2003a3d17b8b42e5dc2d5c383b2738d318"}
,"C:\\Users\\hp\\Desktop\\pairprogramming\\To-Do-list\\src\\list.js": {"path":"C:\\Users\\hp\\Desktop\\pairprogramming\\To-Do-list\\src\\list.js","statementMap":{"0":{"start":{"line":3,"column":4},"end":{"line":3,"column":35}},"1":{"start":{"line":4,"column":4},"end":{"line":4,"column":23}},"2":{"start":{"line":5,"column":4},"end":{"line":5,"column":31}}},"fnMap":{"0":{"name":"(anonymous_0)","decl":{"start":{"line":2,"column":2},"end":{"line":2,"column":3}},"loc":{"start":{"line":2,"column":53},"end":{"line":6,"column":3}},"line":2}},"branchMap":{"0":{"loc":{"start":{"line":2,"column":34},"end":{"line":2,"column":51}},"type":"default-arg","locations":[{"start":{"line":2,"column":46},"end":{"line":2,"column":51}}],"line":2}},"s":{"0":8,"1":8,"2":8},"f":{"0":8},"b":{"0":[8]},"_coverageSchema":"1a1c01bbd47fc00a2c39e90264f33305004495a9","hash":"65df00c5545f2ee09e41b39ad599796d2a885390"}
}
