{"C:\\Users\\95942\\OneDrive\\Desktop\\Programming\\Microverse\\Module 2\\To-Do-list\\src\\library.js": {"path":"C:\\Users\\95942\\OneDrive\\Desktop\\Programming\\Microverse\\Module 2\\To-Do-list\\src\\library.js","statementMap":{"0":{"start":{"line":5,"column":4},"end":{"line":5,"column":70}},"1":{"start":{"line":10,"column":20},"end":{"line":10,"column":30}},"2":{"start":{"line":11,"column":4},"end":{"line":11,"column":32}},"3":{"start":{"line":12,"column":4},"end":{"line":12,"column":30}},"4":{"start":{"line":13,"column":4},"end":{"line":13,"column":44}},"5":{"start":{"line":14,"column":4},"end":{"line":14,"column":31}},"6":{"start":{"line":15,"column":4},"end":{"line":15,"column":67}},"7":{"start":{"line":16,"column":4},"end":{"line":16,"column":20}},"8":{"start":{"line":22,"column":4},"end":{"line":22,"column":57}},"9":{"start":{"line":23,"column":4},"end":{"line":29,"column":7}},"10":{"start":{"line":24,"column":6},"end":{"line":28,"column":16}},"11":{"start":{"line":30,"column":4},"end":{"line":30,"column":67}},"12":{"start":{"line":33,"column":21},"end":{"line":33,"column":59}},"13":{"start":{"line":34,"column":4},"end":{"line":40,"column":7}},"14":{"start":{"line":35,"column":6},"end":{"line":39,"column":9}},"15":{"start":{"line":36,"column":22},"end":{"line":36,"column":32}},"16":{"start":{"line":37,"column":8},"end":{"line":37,"column":36}},"17":{"start":{"line":38,"column":8},"end":{"line":38,"column":71}},"18":{"start":{"line":43,"column":18},"end":{"line":43,"column":53}},"19":{"start":{"line":44,"column":4},"end":{"line":49,"column":7}},"20":{"start":{"line":45,"column":6},"end":{"line":48,"column":9}},"21":{"start":{"line":46,"column":8},"end":{"line":46,"column":30}},"22":{"start":{"line":47,"column":8},"end":{"line":47,"column":71}},"23":{"start":{"line":54,"column":4},"end":{"line":54,"column":78}},"24":{"start":{"line":54,"column":56},"end":{"line":54,"column":76}},"25":{"start":{"line":55,"column":4},"end":{"line":55,"column":21}},"26":{"start":{"line":56,"column":4},"end":{"line":56,"column":67}},"27":{"start":{"line":57,"column":4},"end":{"line":57,"column":20}},"28":{"start":{"line":62,"column":4},"end":{"line":64,"column":5}},"29":{"start":{"line":62,"column":17},"end":{"line":62,"column":18}},"30":{"start":{"line":63,"column":6},"end":{"line":63,"column":72}},"31":{"start":{"line":69,"column":4},"end":{"line":69,"column":44}},"32":{"start":{"line":70,"column":4},"end":{"line":70,"column":67}},"33":{"start":{"line":75,"column":18},"end":{"line":75,"column":53}},"34":{"start":{"line":76,"column":4},"end":{"line":84,"column":5}},"35":{"start":{"line":77,"column":6},"end":{"line":77,"column":44}},"36":{"start":{"line":78,"column":6},"end":{"line":78,"column":68}},"37":{"start":{"line":79,"column":6},"end":{"line":79,"column":62}},"38":{"start":{"line":81,"column":6},"end":{"line":81,"column":43}},"39":{"start":{"line":82,"column":6},"end":{"line":82,"column":76}},"40":{"start":{"line":83,"column":6},"end":{"line":83,"column":62}},"41":{"start":{"line":85,"column":4},"end":{"line":85,"column":67}},"42":{"start":{"line":90,"column":4},"end":{"line":90,"column":75}},"43":{"start":{"line":90,"column":49},"end":{"line":90,"column":73}},"44":{"start":{"line":91,"column":4},"end":{"line":91,"column":21}},"45":{"start":{"line":92,"column":4},"end":{"line":92,"column":67}},"46":{"start":{"line":93,"column":4},"end":{"line":93,"column":20}}},"fnMap":{"0":{"name":"(anonymous_0)","decl":{"start":{"line":4,"column":2},"end":{"line":4,"column":3}},"loc":{"start":{"line":4,"column":16},"end":{"line":6,"column":3}},"line":4},"1":{"name":"(anonymous_1)","decl":{"start":{"line":9,"column":2},"end":{"line":9,"column":3}},"loc":{"start":{"line":9,"column":17},"end":{"line":18,"column":3}},"line":9},"2":{"name":"(anonymous_2)","decl":{"start":{"line":21,"column":2},"end":{"line":21,"column":3}},"loc":{"start":{"line":21,"column":13},"end":{"line":50,"column":3}},"line":21},"3":{"name":"(anonymous_3)","decl":{"start":{"line":23,"column":25},"end":{"line":23,"column":26}},"loc":{"start":{"line":23,"column":42},"end":{"line":29,"column":5}},"line":23},"4":{"name":"(anonymous_4)","decl":{"start":{"line":34,"column":21},"end":{"line":34,"column":22}},"loc":{"start":{"line":34,"column":38},"end":{"line":40,"column":5}},"line":34},"5":{"name":"(anonymous_5)","decl":{"start":{"line":35,"column":37},"end":{"line":35,"column":38}},"loc":{"start":{"line":35,"column":43},"end":{"line":39,"column":7}},"line":35},"6":{"name":"(anonymous_6)","decl":{"start":{"line":44,"column":18},"end":{"line":44,"column":19}},"loc":{"start":{"line":44,"column":39},"end":{"line":49,"column":5}},"line":44},"7":{"name":"(anonymous_7)","decl":{"start":{"line":45,"column":42},"end":{"line":45,"column":43}},"loc":{"start":{"line":45,"column":48},"end":{"line":48,"column":7}},"line":45},"8":{"name":"(anonymous_8)","decl":{"start":{"line":53,"column":2},"end":{"line":53,"column":3}},"loc":{"start":{"line":53,"column":21},"end":{"line":58,"column":3}},"line":53},"9":{"name":"(anonymous_9)","decl":{"start":{"line":54,"column":39},"end":{"line":54,"column":40}},"loc":{"start":{"line":54,"column":56},"end":{"line":54,"column":76}},"line":54},"10":{"name":"(anonymous_10)","decl":{"start":{"line":61,"column":2},"end":{"line":61,"column":3}},"loc":{"start":{"line":61,"column":14},"end":{"line":65,"column":3}},"line":61},"11":{"name":"(anonymous_11)","decl":{"start":{"line":68,"column":2},"end":{"line":68,"column":3}},"loc":{"start":{"line":68,"column":25},"end":{"line":71,"column":3}},"line":68},"12":{"name":"(anonymous_12)","decl":{"start":{"line":74,"column":2},"end":{"line":74,"column":3}},"loc":{"start":{"line":74,"column":19},"end":{"line":86,"column":3}},"line":74},"13":{"name":"(anonymous_13)","decl":{"start":{"line":89,"column":2},"end":{"line":89,"column":3}},"loc":{"start":{"line":89,"column":22},"end":{"line":94,"column":3}},"line":89},"14":{"name":"(anonymous_14)","decl":{"start":{"line":90,"column":39},"end":{"line":90,"column":40}},"loc":{"start":{"line":90,"column":49},"end":{"line":90,"column":73}},"line":90}},"branchMap":{"0":{"loc":{"start":{"line":5,"column":19},"end":{"line":5,"column":69}},"type":"binary-expr","locations":[{"start":{"line":5,"column":19},"end":{"line":5,"column":63}},{"start":{"line":5,"column":67},"end":{"line":5,"column":69}}],"line":5},"1":{"loc":{"start":{"line":25,"column":100},"end":{"line":25,"column":144}},"type":"cond-expr","locations":[{"start":{"line":25,"column":130},"end":{"line":25,"column":139}},{"start":{"line":25,"column":142},"end":{"line":25,"column":144}}],"line":25},"2":{"loc":{"start":{"line":76,"column":4},"end":{"line":84,"column":5}},"type":"if","locations":[{"start":{"line":76,"column":4},"end":{"line":84,"column":5}},{"start":{"line":80,"column":11},"end":{"line":84,"column":5}}],"line":76}},"s":{"0":5,"1":8,"2":8,"3":8,"4":8,"5":8,"6":8,"7":8,"8":10,"9":10,"10":15,"11":10,"12":10,"13":10,"14":15,"15":0,"16":0,"17":0,"18":10,"19":10,"20":15,"21":0,"22":0,"23":1,"24":3,"25":1,"26":1,"27":1,"28":2,"29":2,"30":3,"31":1,"32":1,"33":2,"34":2,"35":0,"36":0,"37":0,"38":2,"39":2,"40":2,"41":2,"42":1,"43":2,"44":1,"45":1,"46":1},"f":{"0":5,"1":8,"2":10,"3":15,"4":15,"5":0,"6":15,"7":0,"8":1,"9":3,"10":2,"11":1,"12":2,"13":1,"14":2},"b":{"0":[5,5],"1":[0,15],"2":[0,2]},"_coverageSchema":"1a1c01bbd47fc00a2c39e90264f33305004495a9","hash":"59ea31d6e6f8d6ca6a7e683e966e229918e3118d"}
,"C:\\Users\\95942\\OneDrive\\Desktop\\Programming\\Microverse\\Module 2\\To-Do-list\\src\\list.js": {"path":"C:\\Users\\95942\\OneDrive\\Desktop\\Programming\\Microverse\\Module 2\\To-Do-list\\src\\list.js","statementMap":{"0":{"start":{"line":3,"column":4},"end":{"line":3,"column":35}},"1":{"start":{"line":4,"column":4},"end":{"line":4,"column":23}},"2":{"start":{"line":5,"column":4},"end":{"line":5,"column":31}}},"fnMap":{"0":{"name":"(anonymous_0)","decl":{"start":{"line":2,"column":2},"end":{"line":2,"column":3}},"loc":{"start":{"line":2,"column":53},"end":{"line":6,"column":3}},"line":2}},"branchMap":{"0":{"loc":{"start":{"line":2,"column":34},"end":{"line":2,"column":51}},"type":"default-arg","locations":[{"start":{"line":2,"column":46},"end":{"line":2,"column":51}}],"line":2}},"s":{"0":8,"1":8,"2":8},"f":{"0":8},"b":{"0":[8]},"_coverageSchema":"1a1c01bbd47fc00a2c39e90264f33305004495a9","hash":"d05244a18c6ae2c6d19dca48fbfd21711a0cd099"}
}
