TN:
SF:src\library.js
FN:4,(anonymous_0)
FN:9,(anonymous_1)
FN:20,(anonymous_2)
FN:22,(anonymous_3)
FN:33,(anonymous_4)
FN:34,(anonymous_5)
FN:43,(anonymous_6)
FN:44,(anonymous_7)
FN:52,(anonymous_8)
FN:53,(anonymous_9)
FN:60,(anonymous_10)
FN:67,(anonymous_11)
FN:73,(anonymous_12)
FN:88,(anonymous_13)
FN:89,(anonymous_14)
FNF:15
FNH:13
FNDA:5,(anonymous_0)
FNDA:8,(anonymous_1)
FNDA:11,(anonymous_2)
FNDA:16,(anonymous_3)
FNDA:16,(anonymous_4)
FNDA:0,(anonymous_5)
FNDA:16,(anonymous_6)
FNDA:0,(anonymous_7)
FNDA:2,(anonymous_8)
FNDA:5,(anonymous_9)
FNDA:3,(anonymous_10)
FNDA:1,(anonymous_11)
FNDA:2,(anonymous_12)
FNDA:1,(anonymous_13)
FNDA:2,(anonymous_14)
DA:5,5
DA:10,8
DA:11,8
DA:12,8
DA:13,8
DA:14,8
DA:15,8
DA:16,8
DA:21,11
DA:22,11
DA:23,16
DA:29,11
DA:32,11
DA:33,11
DA:34,16
DA:35,0
DA:36,0
DA:37,0
DA:42,11
DA:43,11
DA:44,16
DA:45,0
DA:46,0
DA:53,5
DA:54,2
DA:55,2
DA:56,2
DA:61,3
DA:62,4
DA:68,1
DA:69,1
DA:74,2
DA:75,2
DA:76,0
DA:77,0
DA:78,0
DA:80,2
DA:81,2
DA:82,2
DA:84,2
DA:89,2
DA:90,1
DA:91,1
DA:92,1
LF:44
LH:36
BRDA:5,0,0,5
BRDA:5,0,1,5
BRDA:24,1,0,0
BRDA:24,1,1,16
BRDA:75,2,0,0
BRDA:75,2,1,2
BRF:6
BRH:4
end_of_record
TN:
SF:src\list.js
FN:2,(anonymous_0)
FNF:1
FNH:1
FNDA:8,(anonymous_0)
DA:3,8
DA:4,8
DA:5,8
LF:3
LH:3
BRDA:2,0,0,8
BRF:1
BRH:1
end_of_record
