TN:
SF:src\library.js
FN:4,(anonymous_0)
FN:9,(anonymous_1)
FN:21,(anonymous_2)
FN:23,(anonymous_3)
FN:34,(anonymous_4)
FN:35,(anonymous_5)
FN:44,(anonymous_6)
FN:45,(anonymous_7)
FN:53,(anonymous_8)
FN:54,(anonymous_9)
FN:61,(anonymous_10)
FN:68,(anonymous_11)
FN:74,(anonymous_12)
FN:89,(anonymous_13)
FN:90,(anonymous_14)
FNF:15
FNH:13
FNDA:5,(anonymous_0)
FNDA:8,(anonymous_1)
FNDA:10,(anonymous_2)
FNDA:15,(anonymous_3)
FNDA:15,(anonymous_4)
FNDA:0,(anonymous_5)
FNDA:15,(anonymous_6)
FNDA:0,(anonymous_7)
FNDA:1,(anonymous_8)
FNDA:3,(anonymous_9)
FNDA:2,(anonymous_10)
FNDA:1,(anonymous_11)
FNDA:2,(anonymous_12)
FNDA:1,(anonymous_13)
FNDA:2,(anonymous_14)
DA:5,5
DA:10,8
DA:11,8
DA:12,8
DA:13,8
DA:14,8
DA:15,8
DA:16,8
DA:22,10
DA:23,10
DA:24,15
DA:30,10
DA:33,10
DA:34,10
DA:35,15
DA:36,0
DA:37,0
DA:38,0
DA:43,10
DA:44,10
DA:45,15
DA:46,0
DA:47,0
DA:54,3
DA:55,1
DA:56,1
DA:57,1
DA:62,2
DA:63,3
DA:69,1
DA:70,1
DA:75,2
DA:76,2
DA:77,0
DA:78,0
DA:79,0
DA:81,2
DA:82,2
DA:83,2
DA:85,2
DA:90,2
DA:91,1
DA:92,1
DA:93,1
LF:44
LH:36
BRDA:5,0,0,5
BRDA:5,0,1,5
BRDA:25,1,0,0
BRDA:25,1,1,15
BRDA:76,2,0,0
BRDA:76,2,1,2
BRF:6
BRH:4
end_of_record
TN:
SF:src\list.js
FN:2,(anonymous_0)
FNF:1
FNH:1
FNDA:8,(anonymous_0)
DA:3,8
DA:4,8
DA:5,8
LF:3
LH:3
BRDA:2,0,0,8
BRF:1
BRH:1
end_of_record
